[Licensing::Module] Successfully connected to LicensingClient on channel: "LicenseClient-dani4" (connect: 0.00s, validation: 0.01s, handshake: 1.23s)
Entitlement-based licensing initiated
[LicensingClient] Licenses updated successfully

LICENSE SYSTEM [2021619 22:32:16] Next license update check is after 2021-06-20T18:52:06


LICENSE SYSTEM [2021619 22:32:16] Current license is already valid and activated. Skipping license activation process (Provided username/password will be ignored).
Built from '2020.1/staging' branch; Version is '2020.1.17f1 (9957aee8edc2) revision 10049454'; Using compiler version '192227905'; Build Type 'Release'
OS: 'Windows 10  (10.0.0) 64bit' Language: 'en' Physical Memory: 32689 MB
[Licensing::Module] Serial number assigned to: "SC-JZJG-SVGE-HDBJ-6X7C-XXXX"
BatchMode: 1, IsHumanControllingUs: 0, StartBugReporterOnCrash: 0, Is64bit: 1, IsPro: 1

 COMMAND LINE ARGUMENTS:
C:\Program Files\Unity\Hub\Editor\2020.1.17f1\Editor\Unity.exe
-adb2
-batchMode
-noUpm
-name
AssetImportWorker0
-projectPath
C:/creative/gamedev/unity/2021/TheBees/TheBees - Template
-logFile
Logs/AssetImportWorker0.log
-srvPort
57255
Successfully changed project path to: C:/creative/gamedev/unity/2021/TheBees/TheBees - Template
C:/creative/gamedev/unity/2021/TheBees/TheBees - Template
Using Asset Import Pipeline V2.
Refreshing native plugins compatible for Editor in 131.11 ms, found 1 plugins.
Preloading 0 native plugins for Editor in 0.00 ms.
Initialize engine version: 2020.1.17f1 (9957aee8edc2)
[Subsystems] Discovering subsystems at path C:/Program Files/Unity/Hub/Editor/2020.1.17f1/Editor/Data/Resources/UnitySubsystems
[Subsystems] Discovering subsystems at path C:/creative/gamedev/unity/2021/TheBees/TheBees - Template/Assets
GfxDevice: creating device client; threaded=0
Direct3D:
    Version:  Direct3D 11.0 [level 11.1]
    Renderer: NVIDIA GeForce RTX 2080 with Max-Q Design (ID=0x1ed0)
    Vendor:   
    VRAM:     8010 MB
    Driver:   27.21.14.6627
Shader 'Universal Render Pipeline/Particles/Lit': fallback shader 'Universal Render Pipeline/Particles/SimpleLit' not found
Initialize mono
Mono path[0] = 'C:/Program Files/Unity/Hub/Editor/2020.1.17f1/Editor/Data/Managed'
Mono path[1] = 'C:/Program Files/Unity/Hub/Editor/2020.1.17f1/Editor/Data/MonoBleedingEdge/lib/mono/unityjit'
Mono config path = 'C:/Program Files/Unity/Hub/Editor/2020.1.17f1/Editor/Data/MonoBleedingEdge/etc'
Using monoOptions --debugger-agent=transport=dt_socket,embedding=1,server=y,suspend=n,address=127.0.0.1:56208
Begin MonoManager ReloadAssembly
Registering precompiled unity dll's ...
Register platform support module: C:/Program Files/Unity/Hub/Editor/2020.1.17f1/Editor/Data/PlaybackEngines/WindowsStandaloneSupport/UnityEditor.WindowsStandalone.Extensions.dll
Registered in 0.002538 seconds.
Native extension for WindowsStandalone target not found
Refreshing native plugins compatible for Editor in 101.38 ms, found 1 plugins.
Preloading 0 native plugins for Editor in 0.00 ms.
Mono: successfully reloaded assembly
- Completed reload, in  1.443 seconds
Registering precompiled user dll's ...
Registered in 0.211269 seconds.
Platform modules already initialized, skipping
Begin MonoManager ReloadAssembly
Native extension for WindowsStandalone target not found
Refreshing native plugins compatible for Editor in 127.60 ms, found 1 plugins.
Preloading 0 native plugins for Editor in 0.00 ms.
TypeManager.Initialize took: 244ms
Mono: successfully reloaded assembly
- Completed reload, in  3.135 seconds
Platform modules already initialized, skipping
========================================================================
Worker process is ready to serve import requests
Refreshing native plugins compatible for Editor in 2.22 ms, found 1 plugins.
Preloading 0 native plugins for Editor in 0.00 ms.
Unloading 4131 Unused Serialized files (Serialized files now loaded: 0)
System memory in use before: 164.6 MB.
System memory in use after: 164.7 MB.

Unloading 28 unused Assets to reduce memory usage. Loaded Objects now: 4522.
Total: 7.728200 ms (FindLiveObjects: 0.789000 ms CreateObjectMapping: 0.456700 ms MarkObjects: 6.419500 ms  DeleteObjects: 0.061300 ms)

========================================================================
Received Import Request.
  path: Assets/SceneDependencyCache/1c30de906e44171a3a0d6ce09c5cdcf5.sceneWithBuildSettings
  artifactKey: Guid(1c30de906e44171a3a0d6ce09c5cdcf5) Importer(2089858483,52bed625d08a7023a15481c3fbd73797)
Start importing Assets/SceneDependencyCache/1c30de906e44171a3a0d6ce09c5cdcf5.sceneWithBuildSettings using Guid(1c30de906e44171a3a0d6ce09c5cdcf5) Importer(2089858483,52bed625d08a7023a15481c3fbd73797) Opening scene 'Assets/Scenes/SampleScene/Bee World.unity additively'
Loaded scene 'Assets/Scenes/SampleScene/Bee World.unity'
	Deserialize:            0.878 ms
	Integration:            3.749 ms
	Integration of assets:  0.006 ms
	Thread Wait Time:       18.629 ms
	Total Operation Time:   23.262 ms
 -> (target hash: 'c6cc60c3394a4372cb6c8f4d169689f4') in 1.657908 seconds
  Import took 1.674407 seconds .

========================================================================
Received Prepare
Refreshing native plugins compatible for Editor in 6.08 ms, found 1 plugins.
Preloading 0 native plugins for Editor in 0.00 ms.
Unloading 18 Unused Serialized files (Serialized files now loaded: 0)
System memory in use before: 85.2 MB.
System memory in use after: 85.5 MB.

Unloading 18 unused Assets to reduce memory usage. Loaded Objects now: 4522.
Total: 8.257100 ms (FindLiveObjects: 1.213500 ms CreateObjectMapping: 0.442300 ms MarkObjects: 6.530900 ms  DeleteObjects: 0.068800 ms)

========================================================================
Received Import Request.
  Time since last request: 379.824340 seconds.
  path: Assets/SceneDependencyCache/1c30de906e44171a3a0d6ce09c5cdcf5.sceneWithBuildSettings
  artifactKey: Guid(1c30de906e44171a3a0d6ce09c5cdcf5) Importer(2089858483,52bed625d08a7023a15481c3fbd73797)
Start importing Assets/SceneDependencyCache/1c30de906e44171a3a0d6ce09c5cdcf5.sceneWithBuildSettings using Guid(1c30de906e44171a3a0d6ce09c5cdcf5) Importer(2089858483,52bed625d08a7023a15481c3fbd73797) Opening scene 'Assets/Scenes/SampleScene/Bee World.unity additively'
Loaded scene 'Assets/Scenes/SampleScene/Bee World.unity'
	Deserialize:            0.794 ms
	Integration:            1.436 ms
	Integration of assets:  0.006 ms
	Thread Wait Time:       17.853 ms
	Total Operation Time:   20.090 ms
 -> (target hash: 'f5cd4f6117e9631c5ca453e9b4df448f') in 0.078502 seconds
  Import took 0.095449 seconds .

========================================================================
Received Import Request.
  Time since last request: 2.026194 seconds.
  path: Assets/SceneDependencyCache/1c30de906e44171a3a0d6ce09c5cdcf5.sceneWithBuildSettings
  artifactKey: Guid(1c30de906e44171a3a0d6ce09c5cdcf5) Importer(2089858483,52bed625d08a7023a15481c3fbd73797)
Start importing Assets/SceneDependencyCache/1c30de906e44171a3a0d6ce09c5cdcf5.sceneWithBuildSettings using Guid(1c30de906e44171a3a0d6ce09c5cdcf5) Importer(2089858483,52bed625d08a7023a15481c3fbd73797) Opening scene 'Assets/Scenes/SampleScene/Bee World.unity additively'
Loaded scene 'Assets/Scenes/SampleScene/Bee World.unity'
	Deserialize:            0.483 ms
	Integration:            1.596 ms
	Integration of assets:  0.005 ms
	Thread Wait Time:       19.510 ms
	Total Operation Time:   21.594 ms
 -> (target hash: '4266676cd012339f97707e6c59b2ed60') in 0.082837 seconds
  Import took 0.097202 seconds .

========================================================================
Received Import Request.
  Time since last request: 764.939612 seconds.
  path: Assets/SceneDependencyCache/1c30de906e44171a3a0d6ce09c5cdcf5.sceneWithBuildSettings
  artifactKey: Guid(1c30de906e44171a3a0d6ce09c5cdcf5) Importer(2089858483,52bed625d08a7023a15481c3fbd73797)
Start importing Assets/SceneDependencyCache/1c30de906e44171a3a0d6ce09c5cdcf5.sceneWithBuildSettings using Guid(1c30de906e44171a3a0d6ce09c5cdcf5) Importer(2089858483,52bed625d08a7023a15481c3fbd73797) Opening scene 'Assets/Scenes/SampleScene/Bee World.unity additively'
Loaded scene 'Assets/Scenes/SampleScene/Bee World.unity'
	Deserialize:            0.783 ms
	Integration:            1.811 ms
	Integration of assets:  0.005 ms
	Thread Wait Time:       18.728 ms
	Total Operation Time:   21.326 ms
 -> (target hash: 'e387cb278d2d2c9a5d42885eca019936') in 0.077849 seconds
  Import took 0.091781 seconds .

========================================================================
Received Prepare
Reloading mono domain
Begin MonoManager ReloadAssembly
Registering precompiled unity dll's ...
Register platform support module: C:/Program Files/Unity/Hub/Editor/2020.1.17f1/Editor/Data/PlaybackEngines/WindowsStandaloneSupport/UnityEditor.WindowsStandalone.Extensions.dll
Registered in 0.001845 seconds.
Native extension for WindowsStandalone target not found
Refreshing native plugins compatible for Editor in 79.22 ms, found 1 plugins.
Preloading 0 native plugins for Editor in 0.00 ms.
TypeManager.Initialize took: 182ms
Mono: successfully reloaded assembly
- Completed reload, in  2.025 seconds
Registering precompiled user dll's ...
Registered in 0.165874 seconds.
Platform modules already initialized, skipping
Begin MonoManager ReloadAssembly
Native extension for WindowsStandalone target not found
Refreshing native plugins compatible for Editor in 1.46 ms, found 1 plugins.
Preloading 0 native plugins for Editor in 0.00 ms.
TypeManager.Initialize took: 153ms
Mono: successfully reloaded assembly
- Completed reload, in  1.962 seconds
Platform modules already initialized, skipping
Refreshing native plugins compatible for Editor in 1.18 ms, found 1 plugins.
Preloading 0 native plugins for Editor in 0.00 ms.
Unloading 22 Unused Serialized files (Serialized files now loaded: 0)
System memory in use before: 85.0 MB.
System memory in use after: 85.3 MB.

Unloading 21 unused Assets to reduce memory usage. Loaded Objects now: 4530.
Total: 6.163900 ms (FindLiveObjects: 1.643700 ms CreateObjectMapping: 0.474800 ms MarkObjects: 4.004200 ms  DeleteObjects: 0.039200 ms)

========================================================================
Received Prepare
Reloading mono domain
Begin MonoManager ReloadAssembly
Registering precompiled unity dll's ...
Register platform support module: C:/Program Files/Unity/Hub/Editor/2020.1.17f1/Editor/Data/PlaybackEngines/WindowsStandaloneSupport/UnityEditor.WindowsStandalone.Extensions.dll
Registered in 0.002346 seconds.
Native extension for WindowsStandalone target not found
Refreshing native plugins compatible for Editor in 131.35 ms, found 1 plugins.
Preloading 0 native plugins for Editor in 0.00 ms.
TypeManager.Initialize took: 242ms
Mono: successfully reloaded assembly
- Completed reload, in  2.988 seconds
Registering precompiled user dll's ...
Registered in 0.238918 seconds.
Platform modules already initialized, skipping
Begin MonoManager ReloadAssembly
Native extension for WindowsStandalone target not found
Refreshing native plugins compatible for Editor in 1.21 ms, found 1 plugins.
Preloading 0 native plugins for Editor in 0.00 ms.
TypeManager.Initialize took: 189ms
Mono: successfully reloaded assembly
- Completed reload, in  2.412 seconds
Platform modules already initialized, skipping
Refreshing native plugins compatible for Editor in 1.23 ms, found 1 plugins.
Preloading 0 native plugins for Editor in 0.00 ms.
Unloading 22 Unused Serialized files (Serialized files now loaded: 0)
System memory in use before: 85.0 MB.
System memory in use after: 85.3 MB.

Unloading 21 unused Assets to reduce memory usage. Loaded Objects now: 4538.
Total: 6.257000 ms (FindLiveObjects: 0.486100 ms CreateObjectMapping: 0.197400 ms MarkObjects: 5.539400 ms  DeleteObjects: 0.032200 ms)

========================================================================
Received Prepare
Reloading mono domain
Begin MonoManager ReloadAssembly
Registering precompiled unity dll's ...
Register platform support module: C:/Program Files/Unity/Hub/Editor/2020.1.17f1/Editor/Data/PlaybackEngines/WindowsStandaloneSupport/UnityEditor.WindowsStandalone.Extensions.dll
Registered in 0.001989 seconds.
Native extension for WindowsStandalone target not found
Refreshing native plugins compatible for Editor in 103.11 ms, found 1 plugins.
Preloading 0 native plugins for Editor in 0.00 ms.
TypeManager.Initialize took: 176ms
Mono: successfully reloaded assembly
- Completed reload, in  2.382 seconds
Registering precompiled user dll's ...
Registered in 0.180278 seconds.
Platform modules already initialized, skipping
Begin MonoManager ReloadAssembly
Native extension for WindowsStandalone target not found
Refreshing native plugins compatible for Editor in 0.79 ms, found 1 plugins.
Preloading 0 native plugins for Editor in 0.00 ms.
TypeManager.Initialize took: 177ms
Mono: successfully reloaded assembly
- Completed reload, in  2.279 seconds
Platform modules already initialized, skipping
Refreshing native plugins compatible for Editor in 0.71 ms, found 1 plugins.
Preloading 0 native plugins for Editor in 0.00 ms.
Unloading 22 Unused Serialized files (Serialized files now loaded: 0)
System memory in use before: 85.1 MB.
System memory in use after: 85.3 MB.

Unloading 21 unused Assets to reduce memory usage. Loaded Objects now: 4546.
Total: 8.245100 ms (FindLiveObjects: 0.538700 ms CreateObjectMapping: 0.429300 ms MarkObjects: 7.228000 ms  DeleteObjects: 0.047200 ms)

========================================================================
Received Prepare
Reloading mono domain
Begin MonoManager ReloadAssembly
Registering precompiled unity dll's ...
Register platform support module: C:/Program Files/Unity/Hub/Editor/2020.1.17f1/Editor/Data/PlaybackEngines/WindowsStandaloneSupport/UnityEditor.WindowsStandalone.Extensions.dll
Registered in 0.002193 seconds.
Native extension for WindowsStandalone target not found
Refreshing native plugins compatible for Editor in 91.73 ms, found 1 plugins.
Preloading 0 native plugins for Editor in 0.00 ms.
TypeManager.Initialize took: 150ms
Mono: successfully reloaded assembly
- Completed reload, in  2.404 seconds
Registering precompiled user dll's ...
Registered in 0.163544 seconds.
Platform modules already initialized, skipping
Begin MonoManager ReloadAssembly
Native extension for WindowsStandalone target not found
Refreshing native plugins compatible for Editor in 1.75 ms, found 1 plugins.
Preloading 0 native plugins for Editor in 0.00 ms.
TypeManager.Initialize took: 219ms
Mono: successfully reloaded assembly
- Completed reload, in  2.715 seconds
Platform modules already initialized, skipping
Refreshing native plugins compatible for Editor in 0.73 ms, found 1 plugins.
Preloading 0 native plugins for Editor in 0.00 ms.
Unloading 22 Unused Serialized files (Serialized files now loaded: 0)
System memory in use before: 85.1 MB.
System memory in use after: 85.3 MB.

Unloading 21 unused Assets to reduce memory usage. Loaded Objects now: 4554.
Total: 6.610900 ms (FindLiveObjects: 0.494600 ms CreateObjectMapping: 0.255400 ms MarkObjects: 5.811800 ms  DeleteObjects: 0.048100 ms)

========================================================================
Received Prepare
Reloading mono domain
Begin MonoManager ReloadAssembly
Registering precompiled unity dll's ...
Register platform support module: C:/Program Files/Unity/Hub/Editor/2020.1.17f1/Editor/Data/PlaybackEngines/WindowsStandaloneSupport/UnityEditor.WindowsStandalone.Extensions.dll
Registered in 0.001953 seconds.
Native extension for WindowsStandalone target not found
Refreshing native plugins compatible for Editor in 102.36 ms, found 1 plugins.
Preloading 0 native plugins for Editor in 0.00 ms.
TypeManager.Initialize took: 174ms
Mono: successfully reloaded assembly
- Completed reload, in  2.863 seconds
Registering precompiled user dll's ...
Registered in 0.203525 seconds.
Platform modules already initialized, skipping
Begin MonoManager ReloadAssembly
Native extension for WindowsStandalone target not found
Refreshing native plugins compatible for Editor in 0.94 ms, found 1 plugins.
Preloading 0 native plugins for Editor in 0.00 ms.
TypeManager.Initialize took: 200ms
Mono: successfully reloaded assembly
- Completed reload, in  2.804 seconds
Platform modules already initialized, skipping
Refreshing native plugins compatible for Editor in 0.95 ms, found 1 plugins.
Preloading 0 native plugins for Editor in 0.00 ms.
Unloading 22 Unused Serialized files (Serialized files now loaded: 0)
System memory in use before: 85.1 MB.
System memory in use after: 85.3 MB.

Unloading 21 unused Assets to reduce memory usage. Loaded Objects now: 4562.
Total: 5.111200 ms (FindLiveObjects: 0.470400 ms CreateObjectMapping: 0.271000 ms MarkObjects: 4.308900 ms  DeleteObjects: 0.059100 ms)

========================================================================
Received Prepare
Reloading mono domain
Begin MonoManager ReloadAssembly
Registering precompiled unity dll's ...
Register platform support module: C:/Program Files/Unity/Hub/Editor/2020.1.17f1/Editor/Data/PlaybackEngines/WindowsStandaloneSupport/UnityEditor.WindowsStandalone.Extensions.dll
Registered in 0.002661 seconds.
Native extension for WindowsStandalone target not found
Refreshing native plugins compatible for Editor in 97.78 ms, found 1 plugins.
Preloading 0 native plugins for Editor in 0.00 ms.
TypeManager.Initialize took: 219ms
Mono: successfully reloaded assembly
- Completed reload, in  2.980 seconds
Registering precompiled user dll's ...
Registered in 0.195420 seconds.
Platform modules already initialized, skipping
Begin MonoManager ReloadAssembly
Native extension for WindowsStandalone target not found
Refreshing native plugins compatible for Editor in 1.01 ms, found 1 plugins.
Preloading 0 native plugins for Editor in 0.00 ms.
TypeManager.Initialize took: 199ms
Mono: successfully reloaded assembly
- Completed reload, in  2.945 seconds
Platform modules already initialized, skipping
Refreshing native plugins compatible for Editor in 2.17 ms, found 1 plugins.
Preloading 0 native plugins for Editor in 0.00 ms.
Unloading 22 Unused Serialized files (Serialized files now loaded: 0)
System memory in use before: 85.1 MB.
System memory in use after: 85.4 MB.

Unloading 21 unused Assets to reduce memory usage. Loaded Objects now: 4570.
Total: 8.948600 ms (FindLiveObjects: 1.105200 ms CreateObjectMapping: 0.271900 ms MarkObjects: 7.512600 ms  DeleteObjects: 0.055500 ms)

========================================================================
Received Import Request.
  Time since last request: 1872.308030 seconds.
  path: Assets/SceneDependencyCache/1c30de906e44171a3a0d6ce09c5cdcf5.sceneWithBuildSettings
  artifactKey: Guid(1c30de906e44171a3a0d6ce09c5cdcf5) Importer(2089858483,52bed625d08a7023a15481c3fbd73797)
Start importing Assets/SceneDependencyCache/1c30de906e44171a3a0d6ce09c5cdcf5.sceneWithBuildSettings using Guid(1c30de906e44171a3a0d6ce09c5cdcf5) Importer(2089858483,52bed625d08a7023a15481c3fbd73797) Opening scene 'Assets/Scenes/SampleScene/Bee World.unity additively'
Loaded scene 'Assets/Scenes/SampleScene/Bee World.unity'
	Deserialize:            1.529 ms
	Integration:            3.430 ms
	Integration of assets:  0.005 ms
	Thread Wait Time:       17.842 ms
	Total Operation Time:   22.806 ms
 -> (target hash: 'dd1134e7082dc5b0e42fe89fc9caa88a') in 0.526416 seconds
  Import took 0.538728 seconds .

